[INFO  2025-02-21 22:01:55,153]  autoreload: Watching for file changes with StatReloader
[INFO  2025-02-21 22:01:56,191]  basehttp: "GET / HTTP/1.1" 200 14958
[INFO  2025-02-21 22:02:28,759]  autoreload: /Users/macintoshi/PycharmProjects/BPTFO-20-IT-2-Django/EventManager/settings.py changed, reloading.
[INFO  2025-02-21 22:02:29,061]  autoreload: Watching for file changes with StatReloader
[INFO  2025-02-21 22:02:30,323]  views: Event Filters: None, None
[INFO  2025-02-21 22:02:30,324]  views: (AND: )
[INFO  2025-02-21 22:02:30,396]  basehttp: "GET / HTTP/1.1" 200 14958
[INFO  2025-02-21 22:03:11,686]  autoreload: /Users/macintoshi/PycharmProjects/BPTFO-20-IT-2-Django/EventManager/settings.py changed, reloading.
[INFO  2025-02-21 22:03:44,363]  views: Event Filters: None, None
[INFO  2025-02-21 22:03:44,363]  views: (AND: )
[ERROR  2025-02-21 22:06:49,593]  views: Login failed: Wrong username or password.
[WARNING  2025-02-21 22:07:41,487]  views: Login failed: Wrong username or password.
[WARNING  2025-02-21 22:24:49,588]  views: Login failed: Wrong username or password.
[INFO  2025-02-28 20:24:12,598]  views: Event Filters: None, None
[INFO  2025-02-28 20:24:12,599]  views: (AND: )
[INFO  2025-02-28 20:24:25,581]  views: Event Filters: None, None
[INFO  2025-02-28 20:24:25,582]  views: (AND: )
[INFO  2025-02-28 20:36:45,121]  views: Event Filters: None, None
[INFO  2025-02-28 20:36:45,122]  views: (AND: )
[INFO  2025-02-28 20:41:12,365]  views: Event Filters: None, None
[INFO  2025-02-28 20:41:12,365]  views: (AND: )
[INFO  2025-02-28 20:47:15,966]  views: Event Filters: None, None
[INFO  2025-02-28 20:47:15,966]  views: (AND: )
[INFO  2025-02-28 20:49:12,403]  views: Event Filters: None, None
[INFO  2025-02-28 20:49:12,404]  views: (AND: )
[INFO  2025-02-28 20:50:49,250]  views: Event Filters: None, None
[INFO  2025-02-28 20:50:49,250]  views: (AND: )
[INFO  2025-02-28 20:56:49,259]  views: Event Filters: None, None
[INFO  2025-02-28 20:56:49,259]  views: (AND: )
[INFO  2025-02-28 20:57:47,491]  views: Event Filters: None, None
[INFO  2025-02-28 20:57:47,491]  views: (AND: )
[INFO  2025-02-28 20:57:48,519]  views: Event Filters: None, None
[INFO  2025-02-28 20:57:48,519]  views: (AND: )
[INFO  2025-02-28 20:57:48,961]  views: Event Filters: None, None
[INFO  2025-02-28 20:57:48,961]  views: (AND: )
[INFO  2025-02-28 20:58:58,773]  views: Event Filters: None, None
[INFO  2025-02-28 20:58:58,773]  views: (AND: )
[INFO  2025-02-28 21:31:57,793]  views: Event Filters: None, None
[INFO  2025-02-28 21:31:57,793]  views: (AND: )
[INFO  2025-02-28 21:34:05,202]  views: Event Filters: None, None
[INFO  2025-02-28 21:34:05,202]  views: (AND: )
[INFO  2025-02-28 21:36:01,852]  views: Event Filters: None, None
[INFO  2025-02-28 21:36:01,852]  views: (AND: )
[INFO  2025-02-28 21:37:01,993]  views: Event Filters: None, None
[INFO  2025-02-28 21:37:01,993]  views: (AND: )
[INFO  2025-02-28 21:44:01,538]  views: Event Filters: None, None
[INFO  2025-02-28 21:44:01,539]  views: (AND: )
[INFO  2025-02-28 21:44:02,506]  views: Event Filters: None, None
[INFO  2025-02-28 21:44:02,506]  views: (AND: )
[INFO  2025-02-28 21:44:02,897]  views: Event Filters: None, None
[INFO  2025-02-28 21:44:02,897]  views: (AND: )
[INFO  2025-02-28 21:44:03,044]  views: Event Filters: None, None
[INFO  2025-02-28 21:44:03,044]  views: (AND: )
[INFO  2025-02-28 21:44:03,209]  views: Event Filters: None, None
[INFO  2025-02-28 21:44:03,209]  views: (AND: )
[INFO  2025-02-28 21:44:03,339]  views: Event Filters: None, None
[INFO  2025-02-28 21:44:03,339]  views: (AND: )
[INFO  2025-02-28 21:44:03,452]  views: Event Filters: None, None
[INFO  2025-02-28 21:44:03,452]  views: (AND: )
[INFO  2025-02-28 21:44:07,739]  views: Event Filters: None, None
[INFO  2025-02-28 21:44:07,739]  views: (AND: )
[INFO  2025-02-28 21:44:25,739]  views: Event Filters: None, None
[INFO  2025-02-28 21:44:25,739]  views: (AND: )
[INFO  2025-02-28 21:44:39,195]  views: Event Filters: None, None
[INFO  2025-02-28 21:44:39,195]  views: (AND: )
[INFO  2025-02-28 21:44:49,208]  views: Event Filters: None, None
[INFO  2025-02-28 21:44:49,208]  views: (AND: )
[INFO  2025-02-28 21:44:55,195]  views: Event Filters: None, None
[INFO  2025-02-28 21:44:55,195]  views: (AND: )
[INFO  2025-02-28 21:45:16,828]  views: Event Filters: None, None
[INFO  2025-02-28 21:45:16,828]  views: (AND: )
[INFO  2025-02-28 21:45:24,786]  views: Event Filters: None, None
[INFO  2025-02-28 21:45:24,786]  views: (AND: )
[INFO  2025-02-28 21:46:57,991]  views: Event Filters: None, None
[INFO  2025-02-28 21:46:57,991]  views: (AND: )
[INFO  2025-02-28 21:48:30,581]  views: Event Filters: None, None
[INFO  2025-02-28 21:48:30,581]  views: (AND: )
[INFO  2025-02-28 21:48:41,557]  views: Event Filters: None, None
[INFO  2025-02-28 21:48:41,557]  views: (AND: )
[INFO  2025-02-28 21:48:51,956]  views: Event Filters: None, None
[INFO  2025-02-28 21:48:51,956]  views: (AND: )
[INFO  2025-02-28 21:50:07,230]  views: Event Filters: None, None
[INFO  2025-02-28 21:50:07,230]  views: (AND: )
[INFO  2025-02-28 21:50:07,561]  views: Event Filters: None, None
[INFO  2025-02-28 21:50:07,561]  views: (AND: )
[INFO  2025-02-28 21:50:07,739]  views: Event Filters: None, None
[INFO  2025-02-28 21:50:07,740]  views: (AND: )
[INFO  2025-02-28 21:50:07,920]  views: Event Filters: None, None
[INFO  2025-02-28 21:50:07,920]  views: (AND: )
[INFO  2025-02-28 21:50:08,093]  views: Event Filters: None, None
[INFO  2025-02-28 21:50:08,094]  views: (AND: )
[INFO  2025-02-28 21:50:08,244]  views: Event Filters: None, None
[INFO  2025-02-28 21:50:08,244]  views: (AND: )
[INFO  2025-02-28 21:50:08,378]  views: Event Filters: None, None
[INFO  2025-02-28 21:50:08,378]  views: (AND: )
[INFO  2025-02-28 21:50:08,574]  views: Event Filters: None, None
[INFO  2025-02-28 21:50:08,574]  views: (AND: )
[INFO  2025-02-28 21:50:08,776]  views: Event Filters: None, None
[INFO  2025-02-28 21:50:08,776]  views: (AND: )
[INFO  2025-02-28 21:50:08,937]  views: Event Filters: None, None
[INFO  2025-02-28 21:50:08,937]  views: (AND: )
[INFO  2025-02-28 21:50:09,055]  views: Event Filters: None, None
[INFO  2025-02-28 21:50:09,055]  views: (AND: )
[INFO  2025-02-28 21:50:09,214]  views: Event Filters: None, None
[INFO  2025-02-28 21:50:09,214]  views: (AND: )
[INFO  2025-02-28 21:54:01,820]  views: Event Filters: None, None
[INFO  2025-02-28 21:54:01,820]  views: (AND: )
[INFO  2025-02-28 21:54:05,715]  views: Event Filters: None, None
[INFO  2025-02-28 21:54:05,715]  views: (AND: )
[INFO  2025-02-28 21:54:11,058]  views: Event Filters: None, None
[INFO  2025-02-28 21:54:11,058]  views: (AND: )
[INFO  2025-02-28 21:54:14,251]  views: Event Filters: None, None
[INFO  2025-02-28 21:54:14,251]  views: (AND: )
[INFO  2025-02-28 21:54:52,279]  views: Event Filters: None, None
[INFO  2025-02-28 21:54:52,279]  views: (AND: )
[INFO  2025-02-28 21:54:52,781]  views: Event Filters: None, None
[INFO  2025-02-28 21:54:52,782]  views: (AND: )
[INFO  2025-02-28 21:54:52,962]  views: Event Filters: None, None
[INFO  2025-02-28 21:54:52,962]  views: (AND: )
[INFO  2025-02-28 21:54:55,722]  views: Event Filters: None, None
[INFO  2025-02-28 21:54:55,722]  views: (AND: )
[INFO  2025-02-28 21:54:58,101]  views: Event Filters: None, None
[INFO  2025-02-28 21:54:58,101]  views: (AND: )
[INFO  2025-02-28 21:55:04,134]  views: Event Filters: None, None
[INFO  2025-02-28 21:55:04,134]  views: (AND: )
[INFO  2025-02-28 21:55:05,260]  views: Event Filters: None, None
[INFO  2025-02-28 21:55:05,260]  views: (AND: )
[INFO  2025-02-28 22:00:16,659]  views: Event Filters: None, None
[INFO  2025-02-28 22:00:16,659]  views: (AND: )
[INFO  2025-02-28 22:00:30,497]  views: Event Filters: None, None
[INFO  2025-02-28 22:00:30,497]  views: (AND: )
[INFO  2025-02-28 22:00:56,942]  views: Event Filters: None, None
[INFO  2025-02-28 22:00:56,942]  views: (AND: )
[INFO  2025-02-28 22:01:00,270]  views: Event Filters: None, None
[INFO  2025-02-28 22:01:00,270]  views: (AND: )
[INFO  2025-02-28 22:01:29,433]  views: Event Filters: None, None
[INFO  2025-02-28 22:01:29,433]  views: (AND: )
[INFO  2025-02-28 22:01:43,547]  views: Event Filters: None, None
[INFO  2025-02-28 22:01:43,547]  views: (AND: )
[INFO  2025-02-28 22:01:44,414]  views: Event Filters: None, None
[INFO  2025-02-28 22:01:44,414]  views: (AND: )
[INFO  2025-02-28 22:01:45,095]  views: Event Filters: None, None
[INFO  2025-02-28 22:01:45,095]  views: (AND: )
[INFO  2025-02-28 22:01:45,772]  views: Event Filters: None, None
[INFO  2025-02-28 22:01:45,772]  views: (AND: )
[INFO  2025-02-28 22:01:46,375]  views: Event Filters: None, None
[INFO  2025-02-28 22:01:46,375]  views: (AND: )
[INFO  2025-02-28 22:01:47,510]  views: Event Filters: None, None
[INFO  2025-02-28 22:01:47,510]  views: (AND: )
[INFO  2025-02-28 22:01:48,652]  views: Event Filters: None, None
[INFO  2025-02-28 22:01:48,652]  views: (AND: )
[INFO  2025-02-28 22:01:49,329]  views: Event Filters: None, None
[INFO  2025-02-28 22:01:49,330]  views: (AND: )
[INFO  2025-02-28 22:01:49,923]  views: Event Filters: None, None
[INFO  2025-02-28 22:01:49,923]  views: (AND: )
[INFO  2025-02-28 22:01:50,507]  views: Event Filters: None, None
[INFO  2025-02-28 22:01:50,507]  views: (AND: )
[INFO  2025-02-28 22:01:51,023]  views: Event Filters: None, None
[INFO  2025-02-28 22:01:51,023]  views: (AND: )
[INFO  2025-02-28 22:01:51,593]  views: Event Filters: None, None
[INFO  2025-02-28 22:01:51,593]  views: (AND: )
[INFO  2025-02-28 22:01:52,170]  views: Event Filters: None, None
[INFO  2025-02-28 22:01:52,171]  views: (AND: )
[INFO  2025-02-28 22:01:54,128]  views: Event Filters: None, None
[INFO  2025-02-28 22:01:54,128]  views: (AND: )
[INFO  2025-02-28 22:01:54,968]  views: Event Filters: None, None
[INFO  2025-02-28 22:01:54,968]  views: (AND: )
[INFO  2025-02-28 22:01:56,234]  views: Event Filters: None, None
[INFO  2025-02-28 22:01:56,234]  views: (AND: )
[INFO  2025-02-28 22:01:58,895]  views: Event Filters: None, None
[INFO  2025-02-28 22:01:58,895]  views: (AND: )
[INFO  2025-02-28 22:02:02,327]  views: Event Filters: None, None
[INFO  2025-02-28 22:02:02,327]  views: (AND: )
[INFO  2025-02-28 22:02:05,099]  views: Event Filters: None, None
[INFO  2025-02-28 22:02:05,099]  views: (AND: )
[INFO  2025-02-28 22:02:06,145]  views: Event Filters: None, None
[INFO  2025-02-28 22:02:06,146]  views: (AND: )
[INFO  2025-02-28 22:02:31,800]  views: Event Filters: None, None
[INFO  2025-02-28 22:02:31,800]  views: (AND: )
[INFO  2025-02-28 22:02:35,331]  views: Event Filters: None, None
[INFO  2025-02-28 22:02:35,331]  views: (AND: )
[INFO  2025-02-28 22:02:36,100]  views: Event Filters: None, None
[INFO  2025-02-28 22:02:36,101]  views: (AND: )
[INFO  2025-02-28 22:02:39,225]  views: Event Filters: None, None
[INFO  2025-02-28 22:02:39,225]  views: (AND: )
[INFO  2025-02-28 22:02:41,396]  views: Event Filters: None, None
[INFO  2025-02-28 22:02:41,396]  views: (AND: )
[INFO  2025-02-28 22:02:44,909]  views: Event Filters: None, None
[INFO  2025-02-28 22:02:44,910]  views: (AND: )
[INFO  2025-02-28 22:04:03,773]  views: Event Filters: None, None
[INFO  2025-02-28 22:04:03,773]  views: (AND: )
[INFO  2025-02-28 22:04:33,950]  views: Event Filters: None, None
[INFO  2025-02-28 22:04:33,951]  views: (AND: )
[INFO  2025-02-28 22:04:34,549]  views: Event Filters: None, None
[INFO  2025-02-28 22:04:34,550]  views: (AND: )
[INFO  2025-02-28 22:04:35,112]  views: Event Filters: None, None
[INFO  2025-02-28 22:04:35,113]  views: (AND: )
[INFO  2025-02-28 22:04:35,880]  views: Event Filters: None, None
[INFO  2025-02-28 22:04:35,880]  views: (AND: )
[INFO  2025-02-28 22:04:43,595]  views: Event Filters: None, None
[INFO  2025-02-28 22:04:43,595]  views: (AND: )
[INFO  2025-02-28 22:04:44,102]  views: Event Filters: None, None
[INFO  2025-02-28 22:04:44,102]  views: (AND: )
[INFO  2025-02-28 22:04:50,586]  views: Event Filters: None, None
[INFO  2025-02-28 22:04:50,586]  views: (AND: )
[INFO  2025-02-28 22:04:50,989]  views: Event Filters: None, None
[INFO  2025-02-28 22:04:50,989]  views: (AND: )
[INFO  2025-02-28 22:04:51,180]  views: Event Filters: None, None
[INFO  2025-02-28 22:04:51,180]  views: (AND: )
[INFO  2025-02-28 22:04:51,337]  views: Event Filters: None, None
[INFO  2025-02-28 22:04:51,337]  views: (AND: )
[INFO  2025-02-28 22:05:38,665]  views: Event Filters: None, None
[INFO  2025-02-28 22:05:38,665]  views: (AND: )
[INFO  2025-02-28 22:05:39,025]  views: Event Filters: None, None
[INFO  2025-02-28 22:05:39,025]  views: (AND: )
[INFO  2025-02-28 22:05:39,195]  views: Event Filters: None, None
[INFO  2025-02-28 22:05:39,195]  views: (AND: )
[INFO  2025-02-28 22:05:54,941]  views: Event Filters: None, None
[INFO  2025-02-28 22:05:54,941]  views: (AND: )
[INFO  2025-02-28 22:05:55,397]  views: Event Filters: None, None
[INFO  2025-02-28 22:05:55,398]  views: (AND: )
[INFO  2025-02-28 22:05:55,692]  views: Event Filters: None, None
[INFO  2025-02-28 22:05:55,692]  views: (AND: )
[INFO  2025-02-28 22:05:56,870]  views: Event Filters: None, None
[INFO  2025-02-28 22:05:56,870]  views: (AND: )
[INFO  2025-02-28 22:05:59,222]  views: Event Filters: None, None
[INFO  2025-02-28 22:05:59,222]  views: (AND: )
[INFO  2025-02-28 22:06:01,288]  views: Event Filters: None, None
[INFO  2025-02-28 22:06:01,288]  views: (AND: )
[INFO  2025-02-28 22:06:02,823]  views: Event Filters: None, None
[INFO  2025-02-28 22:06:02,823]  views: (AND: )
[INFO  2025-02-28 22:06:30,858]  views: Event Filters: None, None
[INFO  2025-02-28 22:06:30,858]  views: (AND: )
[INFO  2025-02-28 22:06:31,978]  views: Event Filters: None, None
[INFO  2025-02-28 22:06:31,978]  views: (AND: )
[INFO  2025-02-28 22:06:32,910]  views: Event Filters: None, None
[INFO  2025-02-28 22:06:32,910]  views: (AND: )
[INFO  2025-02-28 22:06:34,289]  views: Event Filters: None, None
[INFO  2025-02-28 22:06:34,289]  views: (AND: )
[INFO  2025-03-04 20:34:23,639]  views: Event Filters: None, None
[INFO  2025-03-04 20:34:23,641]  views: (AND: )
[INFO  2025-03-04 20:47:04,005]  views: Event Filters: None, None
[INFO  2025-03-04 20:47:04,006]  views: (AND: )
[INFO  2025-03-04 20:48:02,615]  views: Event Filters: None, None
[INFO  2025-03-04 20:48:02,615]  views: (AND: )
[INFO  2025-03-04 20:48:42,975]  views: Event Filters: None, None
[INFO  2025-03-04 20:48:42,976]  views: (AND: )
[INFO  2025-03-04 20:49:01,974]  views: Event Filters: None, None
[INFO  2025-03-04 20:49:01,974]  views: (AND: )
[INFO  2025-03-04 20:49:08,930]  views: Event Filters: None, None
[INFO  2025-03-04 20:49:08,930]  views: (AND: )
[INFO  2025-03-04 20:49:16,096]  views: Event Filters: None, None
[INFO  2025-03-04 20:49:16,096]  views: (AND: )
[INFO  2025-03-04 20:49:32,640]  views: Event Filters: None, None
[INFO  2025-03-04 20:49:32,640]  views: (AND: )
[INFO  2025-03-04 20:49:35,724]  views: Event Filters: None, None
[INFO  2025-03-04 20:49:35,725]  views: (AND: )
[INFO  2025-03-04 20:49:37,037]  views: Event Filters: None, None
[INFO  2025-03-04 20:49:37,037]  views: (AND: )
[INFO  2025-03-04 20:49:38,341]  views: Event Filters: None, None
[INFO  2025-03-04 20:49:38,341]  views: (AND: )
[INFO  2025-03-04 20:49:39,838]  views: Event Filters: None, None
[INFO  2025-03-04 20:49:39,839]  views: (AND: )
[INFO  2025-03-04 21:28:32,526]  views: Event Filters: None, None
[INFO  2025-03-04 21:28:32,526]  views: (AND: )
[INFO  2025-03-04 21:28:43,721]  views: Event Filters: None, None
[INFO  2025-03-04 21:28:43,721]  views: (AND: )
[INFO  2025-03-04 21:32:29,377]  views: Event Filters: None, None
[INFO  2025-03-04 21:32:29,377]  views: (AND: )
[INFO  2025-03-04 21:40:15,446]  views: Event Filters: None, None
[INFO  2025-03-04 21:40:15,446]  views: (AND: )
[INFO  2025-03-04 21:41:09,986]  views: Event Filters: None, None
[INFO  2025-03-04 21:41:09,986]  views: (AND: )
[WARNING  2025-03-04 21:41:20,143]  views: Login failed: Wrong username or password.
[INFO  2025-03-04 21:41:28,824]  views: Event Filters: None, None
[INFO  2025-03-04 21:41:28,824]  views: (AND: )
[INFO  2025-03-04 22:08:23,444]  views: Event Filters: None, None
[INFO  2025-03-04 22:08:23,445]  views: (AND: )
[WARNING  2025-03-04 22:08:35,906]  views: Login failed: Wrong username or password.
[INFO  2025-03-04 22:08:41,304]  views: Event Filters: None, None
[INFO  2025-03-04 22:08:41,304]  views: (AND: )
[INFO  2025-03-04 22:09:07,979]  views: Event Filters: None, None
[INFO  2025-03-04 22:09:07,979]  views: (AND: )
[INFO  2025-03-07 20:14:11,851]  views: Event Filters: None, None
[INFO  2025-03-07 20:14:11,851]  views: (AND: )
[INFO  2025-03-07 20:16:12,986]  views: Event Filters: None, None
[INFO  2025-03-07 20:16:12,987]  views: (AND: )
[INFO  2025-03-07 20:16:13,743]  views: Event Filters: None, None
[INFO  2025-03-07 20:16:13,743]  views: (AND: )
[INFO  2025-03-07 20:18:48,201]  views: Event Filters: None, None
[INFO  2025-03-07 20:18:48,202]  views: (AND: )
[INFO  2025-03-07 20:19:09,227]  views: Event Filters: None, None
[INFO  2025-03-07 20:19:09,228]  views: (AND: )
[INFO  2025-03-07 20:19:09,778]  views: Event Filters: None, None
[INFO  2025-03-07 20:19:09,778]  views: (AND: )
[INFO  2025-03-07 20:19:10,118]  views: Event Filters: None, None
[INFO  2025-03-07 20:19:10,118]  views: (AND: )
[INFO  2025-03-07 20:19:10,284]  views: Event Filters: None, None
[INFO  2025-03-07 20:19:10,284]  views: (AND: )
[INFO  2025-03-07 20:19:10,637]  views: Event Filters: None, None
[INFO  2025-03-07 20:19:10,637]  views: (AND: )
[INFO  2025-03-07 20:19:10,916]  views: Event Filters: None, None
[INFO  2025-03-07 20:19:10,916]  views: (AND: )
[INFO  2025-03-07 20:19:11,101]  views: Event Filters: None, None
[INFO  2025-03-07 20:19:11,101]  views: (AND: )
[INFO  2025-03-07 20:30:01,848]  views: Event Filters: None, None
[INFO  2025-03-07 20:30:01,848]  views: (AND: )
[INFO  2025-03-07 20:30:02,335]  views: Event Filters: None, None
[INFO  2025-03-07 20:30:02,335]  views: (AND: )
[INFO  2025-03-07 20:30:02,560]  views: Event Filters: None, None
[INFO  2025-03-07 20:30:02,560]  views: (AND: )
[INFO  2025-03-07 20:30:02,756]  views: Event Filters: None, None
[INFO  2025-03-07 20:30:02,756]  views: (AND: )
[INFO  2025-03-07 20:30:02,919]  views: Event Filters: None, None
[INFO  2025-03-07 20:30:02,919]  views: (AND: )
[INFO  2025-03-07 20:30:03,096]  views: Event Filters: None, None
[INFO  2025-03-07 20:30:03,096]  views: (AND: )
[INFO  2025-03-07 20:30:03,282]  views: Event Filters: None, None
[INFO  2025-03-07 20:30:03,282]  views: (AND: )
[INFO  2025-03-07 20:30:03,437]  views: Event Filters: None, None
[INFO  2025-03-07 20:30:03,437]  views: (AND: )
[INFO  2025-03-07 20:30:03,613]  views: Event Filters: None, None
[INFO  2025-03-07 20:30:03,614]  views: (AND: )
[INFO  2025-03-07 20:30:04,128]  views: Event Filters: None, None
[INFO  2025-03-07 20:30:04,128]  views: (AND: )
[INFO  2025-03-07 20:30:04,293]  views: Event Filters: None, None
[INFO  2025-03-07 20:30:04,293]  views: (AND: )
[INFO  2025-03-07 20:30:04,457]  views: Event Filters: None, None
[INFO  2025-03-07 20:30:04,457]  views: (AND: )
[INFO  2025-03-07 20:30:04,623]  views: Event Filters: None, None
[INFO  2025-03-07 20:30:04,624]  views: (AND: )
